Tenant cannot be created. Reason: Database eadconto_teste already exists.
#0 D:\Projetos\yellow\seguradora-v2\backend\vendor\stancl\tenancy\src\Jobs\CreateDatabase.php(40): Stancl\Tenancy\Database\DatabaseManager->ensureTenantCanBeCreated(Object(App\Models\Tenant))
#1 D:\Projetos\yellow\seguradora-v2\backend\vendor\laravel\framework\src\Illuminate\Container\BoundMethod.php(36): Stancl\Tenancy\Jobs\CreateDatabase->handle(Object(Stancl\Tenancy\Database\DatabaseManager))
#2 D:\Projetos\yellow\seguradora-v2\backend\vendor\laravel\framework\src\Illuminate\Container\Util.php(43): Illuminate\Container\BoundMethod::Illuminate\Container\{closure}()
#3 D:\Projetos\yellow\seguradora-v2\backend\vendor\laravel\framework\src\Illuminate\Container\BoundMethod.php(96): Illuminate\Container\Util::unwrapIfClosure(Object(Closure))
#4 D:\Projetos\yellow\seguradora-v2\backend\vendor\laravel\framework\src\Illuminate\Container\BoundMethod.php(35): Illuminate\Container\BoundMethod::callBoundMethod(Object(Illuminate\Foundation\Application), Array, Object(Closure))
#5 D:\Projetos\yellow\seguradora-v2\backend\vendor\laravel\framework\src\Illuminate\Container\Container.php(807): Illuminate\Container\BoundMethod::call(Object(Illuminate\Foundation\Application), Array, Array, NULL)
#6 D:\Projetos\yellow\seguradora-v2\backend\vendor\stancl\jobpipeline\src\JobPipeline.php(68): Illuminate\Container\Container->call(Array)
#7 D:\Projetos\yellow\seguradora-v2\backend\vendor\laravel\framework\src\Illuminate\Container\BoundMethod.php(36): Stancl\JobPipeline\JobPipeline->handle()
#8 D:\Projetos\yellow\seguradora-v2\backend\vendor\laravel\framework\src\Illuminate\Container\Util.php(43): Illuminate\Container\BoundMethod::Illuminate\Container\{closure}()
#9 D:\Projetos\yellow\seguradora-v2\backend\vendor\laravel\framework\src\Illuminate\Container\BoundMethod.php(96): Illuminate\Container\Util::unwrapIfClosure(Object(Closure))
#10 D:\Projetos\yellow\seguradora-v2\backend\vendor\laravel\framework\src\Illuminate\Container\BoundMethod.php(35): Illuminate\Container\BoundMethod::callBoundMethod(Object(Illuminate\Foundation\Application), Array, Object(Closure))
#11 D:\Projetos\yellow\seguradora-v2\backend\vendor\laravel\framework\src\Illuminate\Container\Container.php(807): Illuminate\Container\BoundMethod::call(Object(Illuminate\Foundation\Application), Array, Array, NULL)
#12 D:\Projetos\yellow\seguradora-v2\backend\vendor\laravel\framework\src\Illuminate\Bus\Dispatcher.php(129): Illuminate\Container\Container->call(Array)
#13 D:\Projetos\yellow\seguradora-v2\backend\vendor\laravel\framework\src\Illuminate\Pipeline\Pipeline.php(180): Illuminate\Bus\Dispatcher->Illuminate\Bus\{closure}(Object(Stancl\JobPipeline\JobPipeline))
#14 D:\Projetos\yellow\seguradora-v2\backend\vendor\laravel\framework\src\Illuminate\Pipeline\Pipeline.php(137): Illuminate\Pipeline\Pipeline->Illuminate\Pipeline\{closure}(Object(Stancl\JobPipeline\JobPipeline))
#15 D:\Projetos\yellow\seguradora-v2\backend\vendor\laravel\framework\src\Illuminate\Bus\Dispatcher.php(133): Illuminate\Pipeline\Pipeline->then(Object(Closure))
#16 D:\Projetos\yellow\seguradora-v2\backend\vendor\laravel\framework\src\Illuminate\Bus\Dispatcher.php(101): Illuminate\Bus\Dispatcher->dispatchNow(Object(Stancl\JobPipeline\JobPipeline), false)
#17 D:\Projetos\yellow\seguradora-v2\backend\vendor\laravel\framework\src\Illuminate\Foundation\helpers.php(477): Illuminate\Bus\Dispatcher->dispatchSync(Object(Stancl\JobPipeline\JobPipeline), NULL)
#18 D:\Projetos\yellow\seguradora-v2\backend\vendor\stancl\jobpipeline\src\JobPipeline.php(96): dispatch_sync(Object(Stancl\JobPipeline\JobPipeline))
#19 D:\Projetos\yellow\seguradora-v2\backend\vendor\laravel\framework\src\Illuminate\Events\Dispatcher.php(488): Stancl\JobPipeline\JobPipeline->Stancl\JobPipeline\{closure}(Object(Stancl\Tenancy\Events\TenantCreated))
#20 D:\Projetos\yellow\seguradora-v2\backend\vendor\laravel\framework\src\Illuminate\Events\Dispatcher.php(315): Illuminate\Events\Dispatcher->Illuminate\Events\{closure}('Stancl\\Tenancy\\...', Array)
#21 D:\Projetos\yellow\seguradora-v2\backend\vendor\laravel\framework\src\Illuminate\Events\Dispatcher.php(295): Illuminate\Events\Dispatcher->invokeListeners('Stancl\\Tenancy\\...', Array, false)
#22 D:\Projetos\yellow\seguradora-v2\backend\vendor\laravel\framework\src\Illuminate\Database\Eloquent\Concerns\HasEvents.php(242): Illuminate\Events\Dispatcher->dispatch(Object(Stancl\Tenancy\Events\TenantCreated))
#23 D:\Projetos\yellow\seguradora-v2\backend\vendor\laravel\framework\src\Illuminate\Database\Eloquent\Concerns\HasEvents.php(217): Illuminate\Database\Eloquent\Model->fireCustomModelEvent('created', 'dispatch')
#24 D:\Projetos\yellow\seguradora-v2\backend\vendor\stancl\virtualcolumn\src\VirtualColumn.php(139): Illuminate\Database\Eloquent\Model->fireModelEvent('created', false)
#25 D:\Projetos\yellow\seguradora-v2\backend\vendor\laravel\framework\src\Illuminate\Database\Eloquent\Model.php(1422): Stancl\Tenancy\Database\Models\Tenant->fireModelEvent('created', false)
#26 D:\Projetos\yellow\seguradora-v2\backend\vendor\laravel\framework\src\Illuminate\Database\Eloquent\Model.php(1240): Illuminate\Database\Eloquent\Model->performInsert(Object(Illuminate\Database\Eloquent\Builder))
#27 D:\Projetos\yellow\seguradora-v2\backend\vendor\laravel\framework\src\Illuminate\Database\Eloquent\Builder.php(1219): Illuminate\Database\Eloquent\Model->save()
#28 D:\Projetos\yellow\seguradora-v2\backend\vendor\laravel\framework\src\Illuminate\Support\helpers.php(485): Illuminate\Database\Eloquent\Builder->Illuminate\Database\Eloquent\{closure}(Object(App\Models\Tenant))
#29 D:\Projetos\yellow\seguradora-v2\backend\vendor\laravel\framework\src\Illuminate\Database\Eloquent\Builder.php(1218): tap(Object(App\Models\Tenant), Object(Closure))
#30 D:\Projetos\yellow\seguradora-v2\backend\vendor\laravel\framework\src\Illuminate\Support\Traits\ForwardsCalls.php(23): Illuminate\Database\Eloquent\Builder->create(Array)
#31 D:\Projetos\yellow\seguradora-v2\backend\vendor\laravel\framework\src\Illuminate\Database\Eloquent\Model.php(2540): Illuminate\Database\Eloquent\Model->forwardCallTo(Object(Illuminate\Database\Eloquent\Builder), 'create', Array)
#32 D:\Projetos\yellow\seguradora-v2\backend\vendor\laravel\framework\src\Illuminate\Database\Eloquent\Model.php(2556): Illuminate\Database\Eloquent\Model->__call('create', Array)
#33 D:\Projetos\yellow\seguradora-v2\backend\test_script.php(9): Illuminate\Database\Eloquent\Model::__callStatic('create', Array)
#34 {main}